2022-03-05 09:05:36,658 INFO com.mortgage.managerservice.ManagerServiceApplication [restartedMain] Starting ManagerServiceApplication using Java 17.0.1 on LIN66017113 with PID 17904 (C:\STSWorkspace\MortgageProject\manager-service\target\classes started by nkangude in C:\STSWorkspace\MortgageProject\manager-service)
2022-03-05 09:05:36,665 INFO com.mortgage.managerservice.ManagerServiceApplication [restartedMain] No active profile set, falling back to 1 default profile: "default"
2022-03-05 09:05:38,254 INFO org.apache.catalina.core.StandardService [restartedMain] Starting service [Tomcat]
2022-03-05 09:05:38,255 INFO org.apache.catalina.core.StandardEngine [restartedMain] Starting Servlet engine: [Apache Tomcat/9.0.58]
2022-03-05 09:05:38,365 INFO org.apache.catalina.core.ContainerBase.[Tomcat].[localhost].[/manager-service] [restartedMain] Initializing Spring embedded WebApplicationContext
2022-03-05 09:05:38,565 INFO org.hibernate.jpa.internal.util.LogHelper [restartedMain] HHH000204: Processing PersistenceUnitInfo [name: default]
2022-03-05 09:05:38,635 INFO org.hibernate.Version [restartedMain] HHH000412: Hibernate ORM core version 5.6.5.Final
2022-03-05 09:05:38,841 INFO org.hibernate.annotations.common.Version [restartedMain] HCANN000001: Hibernate Commons Annotations {5.1.2.Final}
2022-03-05 09:05:38,954 INFO com.zaxxer.hikari.HikariDataSource [restartedMain] HikariPool-1 - Starting...
2022-03-05 09:05:39,410 INFO com.zaxxer.hikari.HikariDataSource [restartedMain] HikariPool-1 - Start completed.
2022-03-05 09:05:39,444 INFO org.hibernate.dialect.Dialect [restartedMain] HHH000400: Using dialect: org.hibernate.dialect.PostgreSQL10Dialect
2022-03-05 09:05:40,049 INFO org.hibernate.engine.transaction.jta.platform.internal.JtaPlatformInitiator [restartedMain] HHH000490: Using JtaPlatform implementation: [org.hibernate.engine.transaction.jta.platform.internal.NoJtaPlatform]
2022-03-05 09:05:40,986 INFO com.mortgage.managerservice.ManagerServiceApplication [restartedMain] Started ManagerServiceApplication in 4.71 seconds (JVM running for 5.428)
2022-03-05 09:06:49,674 INFO org.apache.catalina.core.ContainerBase.[Tomcat].[localhost].[/manager-service] [http-nio-8000-exec-1] Initializing Spring DispatcherServlet 'dispatcherServlet'
2022-03-05 09:07:23,118 INFO com.zaxxer.hikari.HikariDataSource [RMI TCP Connection(5)-127.0.0.1] HikariPool-1 - Shutdown initiated...
2022-03-05 09:07:23,122 INFO com.zaxxer.hikari.HikariDataSource [RMI TCP Connection(5)-127.0.0.1] HikariPool-1 - Shutdown completed.
2022-03-05 09:19:27,362 INFO com.mortgage.managerservice.ManagerServiceApplication [restartedMain] Starting ManagerServiceApplication using Java 17.0.1 on LIN66017113 with PID 16344 (C:\STSWorkspace\MortgageProject\manager-service\target\classes started by nkangude in C:\STSWorkspace\MortgageProject\manager-service)
2022-03-05 09:19:27,364 INFO com.mortgage.managerservice.ManagerServiceApplication [restartedMain] No active profile set, falling back to 1 default profile: "default"
2022-03-05 09:19:28,583 INFO org.apache.catalina.core.StandardService [restartedMain] Starting service [Tomcat]
2022-03-05 09:19:28,584 INFO org.apache.catalina.core.StandardEngine [restartedMain] Starting Servlet engine: [Apache Tomcat/9.0.58]
2022-03-05 09:19:28,668 INFO org.apache.catalina.core.ContainerBase.[Tomcat].[localhost].[/manager-service] [restartedMain] Initializing Spring embedded WebApplicationContext
2022-03-05 09:19:28,817 INFO org.hibernate.jpa.internal.util.LogHelper [restartedMain] HHH000204: Processing PersistenceUnitInfo [name: default]
2022-03-05 09:19:28,859 INFO org.hibernate.Version [restartedMain] HHH000412: Hibernate ORM core version 5.6.5.Final
2022-03-05 09:19:28,990 INFO org.hibernate.annotations.common.Version [restartedMain] HCANN000001: Hibernate Commons Annotations {5.1.2.Final}
2022-03-05 09:19:29,082 INFO com.zaxxer.hikari.HikariDataSource [restartedMain] HikariPool-1 - Starting...
2022-03-05 09:19:29,401 INFO com.zaxxer.hikari.HikariDataSource [restartedMain] HikariPool-1 - Start completed.
2022-03-05 09:19:29,436 INFO org.hibernate.dialect.Dialect [restartedMain] HHH000400: Using dialect: org.hibernate.dialect.PostgreSQL10Dialect
2022-03-05 09:19:29,892 INFO org.hibernate.engine.transaction.jta.platform.internal.JtaPlatformInitiator [restartedMain] HHH000490: Using JtaPlatform implementation: [org.hibernate.engine.transaction.jta.platform.internal.NoJtaPlatform]
2022-03-05 09:19:30,750 INFO com.mortgage.managerservice.ManagerServiceApplication [restartedMain] Started ManagerServiceApplication in 3.704 seconds (JVM running for 4.348)
2022-03-05 09:19:35,943 INFO org.apache.catalina.core.ContainerBase.[Tomcat].[localhost].[/manager-service] [http-nio-8000-exec-1] Initializing Spring DispatcherServlet 'dispatcherServlet'
2022-03-05 09:20:58,619 INFO com.zaxxer.hikari.HikariDataSource [RMI TCP Connection(6)-127.0.0.1] HikariPool-1 - Shutdown initiated...
2022-03-05 09:20:58,623 INFO com.zaxxer.hikari.HikariDataSource [RMI TCP Connection(6)-127.0.0.1] HikariPool-1 - Shutdown completed.
2022-03-05 09:48:02,920 INFO com.mortgage.managerservice.ManagerServiceApplication [restartedMain] Starting ManagerServiceApplication using Java 17.0.1 on LIN66017113 with PID 15968 (C:\STSWorkspace\MortgageProject\manager-service\target\classes started by nkangude in C:\STSWorkspace\MortgageProject\manager-service)
2022-03-05 09:48:02,922 INFO com.mortgage.managerservice.ManagerServiceApplication [restartedMain] No active profile set, falling back to 1 default profile: "default"
2022-03-05 09:48:04,334 INFO org.apache.catalina.core.StandardService [restartedMain] Starting service [Tomcat]
2022-03-05 09:48:04,334 INFO org.apache.catalina.core.StandardEngine [restartedMain] Starting Servlet engine: [Apache Tomcat/9.0.58]
2022-03-05 09:48:04,411 INFO org.apache.catalina.core.ContainerBase.[Tomcat].[localhost].[/manager-service] [restartedMain] Initializing Spring embedded WebApplicationContext
2022-03-05 09:48:04,550 INFO org.hibernate.jpa.internal.util.LogHelper [restartedMain] HHH000204: Processing PersistenceUnitInfo [name: default]
2022-03-05 09:48:04,589 INFO org.hibernate.Version [restartedMain] HHH000412: Hibernate ORM core version 5.6.5.Final
2022-03-05 09:48:04,714 INFO org.hibernate.annotations.common.Version [restartedMain] HCANN000001: Hibernate Commons Annotations {5.1.2.Final}
2022-03-05 09:48:04,783 INFO com.zaxxer.hikari.HikariDataSource [restartedMain] HikariPool-1 - Starting...
2022-03-05 09:48:05,066 INFO com.zaxxer.hikari.HikariDataSource [restartedMain] HikariPool-1 - Start completed.
2022-03-05 09:48:05,086 INFO org.hibernate.dialect.Dialect [restartedMain] HHH000400: Using dialect: org.hibernate.dialect.PostgreSQL10Dialect
2022-03-05 09:48:05,554 INFO org.hibernate.engine.transaction.jta.platform.internal.JtaPlatformInitiator [restartedMain] HHH000490: Using JtaPlatform implementation: [org.hibernate.engine.transaction.jta.platform.internal.NoJtaPlatform]
2022-03-05 09:48:06,363 INFO com.mortgage.managerservice.ManagerServiceApplication [restartedMain] Started ManagerServiceApplication in 3.817 seconds (JVM running for 4.523)
2022-03-05 09:48:25,404 INFO org.apache.catalina.core.ContainerBase.[Tomcat].[localhost].[/manager-service] [http-nio-8000-exec-1] Initializing Spring DispatcherServlet 'dispatcherServlet'
